c:\git\creativeprojectalmost\risovalka\risovalka\x64\debug\vc143.pdb
c:\git\creativeprojectalmost\risovalka\risovalka\x64\debug\pictureboxcanvas_mousemove.obj
c:\git\creativeprojectalmost\risovalka\risovalka\x64\debug\pictureboxcanvas_mousedown.obj
c:\git\creativeprojectalmost\risovalka\risovalka\x64\debug\buttoncreate_click.obj
c:\git\creativeprojectalmost\risovalka\risovalka\x64\debug\comboboxinstruments_selectedindexchanged.obj
c:\git\creativeprojectalmost\risovalka\risovalka\x64\debug\radiobuttontriangle_checkedchanged.obj
c:\git\creativeprojectalmost\risovalka\risovalka\x64\debug\radiobuttonsquare_checkedchanged.obj
c:\git\creativeprojectalmost\risovalka\risovalka\x64\debug\radiobuttonline_checkedchanged.obj
c:\git\creativeprojectalmost\risovalka\risovalka\x64\debug\radiobuttonerase_checkedchanged.obj
c:\git\creativeprojectalmost\risovalka\risovalka\x64\debug\radiobuttondraw_checkedchanged.obj
c:\git\creativeprojectalmost\risovalka\risovalka\x64\debug\radiobuttoncircle_checkedchanged.obj
c:\git\creativeprojectalmost\risovalka\risovalka\x64\debug\numericupdownwidth_valuechanged.obj
c:\git\creativeprojectalmost\risovalka\risovalka\x64\debug\numericupdownlength_valuechanged.obj
c:\git\creativeprojectalmost\risovalka\risovalka\x64\debug\numericupdownbrushsize_valuechanged.obj
c:\git\creativeprojectalmost\risovalka\risovalka\x64\debug\buttonyellow_click.obj
c:\git\creativeprojectalmost\risovalka\risovalka\x64\debug\buttonred_click.obj
c:\git\creativeprojectalmost\risovalka\risovalka\x64\debug\buttonorange_click.obj
c:\git\creativeprojectalmost\risovalka\risovalka\x64\debug\buttongreen_click.obj
c:\git\creativeprojectalmost\risovalka\risovalka\x64\debug\buttoncyan_click.obj
c:\git\creativeprojectalmost\risovalka\risovalka\x64\debug\buttonblue_click.obj
c:\git\creativeprojectalmost\risovalka\risovalka\x64\debug\buttonpurple_click.obj
c:\git\creativeprojectalmost\risovalka\risovalka\x64\debug\.netframework,version=v4.7.2.assemblyattributes.obj
c:\git\creativeprojectalmost\risovalka\risovalka\x64\debug\myform.obj
c:\git\creativeprojectalmost\risovalka\risovalka\x64\debug\steptstoolstripmenuitem_click.obj
c:\git\creativeprojectalmost\risovalka\risovalka\x64\debug\freetoolstripmenuitem_click.obj
c:\git\creativeprojectalmost\risovalka\risovalka\x64\debug\saveastoolstripmenuitem_click.obj
c:\git\creativeprojectalmost\risovalka\risovalka\x64\debug\openfiletoolstripmenuitem_click.obj
c:\git\creativeprojectalmost\risovalka\risovalka\x64\debug\createtoolstripmenuitem_click.obj
c:\git\creativeprojectalmost\risovalka\risovalka\x64\debug\clearcanvastoolstripmenuitem_click.obj
c:\git\creativeprojectalmost\risovalka\risovalka\x64\debug\canvastoolstripmenuitem_click.obj
c:\git\creativeprojectalmost\risovalka\risovalka\x64\debug\pictureboxcanvas_sizechanged.obj
c:\git\creativeprojectalmost\risovalka\risovalka\x64\debug\pictureboxcanvas_paint.obj
c:\git\creativeprojectalmost\risovalka\risovalka\x64\debug\pictureboxcanvas_mouseup.obj
c:\git\creativeprojectalmost\risovalka\risovalka\x64\debug\comboboxsounddiagraminstrument_selectedindexchanged.obj
c:\git\creativeprojectalmost\risovalka\risovalka\x64\debug\buttonshowvisualisation_click.obj
c:\git\creativeprojectalmost\risovalka\risovalka\x64\debug\buttonsounddiagram_click.obj
c:\git\creativeprojectalmost\risovalka\risovalka\x64\debug\numericupdownsounddiagramoctave_valuechanged.obj
c:\git\creativeprojectalmost\risovalka\risovalka\x64\debug\exercisetoolstripmenuitem_click.obj
c:\git\creativeprojectalmost\risovalka\risovalka\x64\debug\buttonstartgame_click.obj
c:\git\creativeprojectalmost\risovalka\risovalka\x64\debug\buttoncheckresult_click.obj
c:\git\creativeprojectalmost\risovalka\risovalka\x64\debug\russiantoolstripmenuitem.obj
c:\git\creativeprojectalmost\risovalka\risovalka\x64\debug\englishtoolstripmenuitem.obj
c:\git\creativeprojectalmost\risovalka\risovalka\x64\debug\buttonclosetest_click.obj
c:\git\creativeprojectalmost\risovalka\risovalka\x64\debug\testtoolstripmenuitem_click.obj
c:\git\creativeprojectalmost\risovalka\risovalka\x64\debug\buttonclosecreatecanvas_click.obj
c:\git\creativeprojectalmost\risovalka\x64\debug\risovalka.exe
c:\git\creativeprojectalmost\risovalka\x64\debug\risovalka.pdb
c:\git\creativeprojectalmost\risovalka\risovalka\x64\debug\drawbackground.obj
c:\git\creativeprojectalmost\risovalka\risovalka\x64\debug\risovalka.tlog\cl.command.1.tlog
c:\git\creativeprojectalmost\risovalka\risovalka\x64\debug\risovalka.tlog\cl.items.tlog
c:\git\creativeprojectalmost\risovalka\risovalka\x64\debug\risovalka.tlog\cl.read.1.tlog
c:\git\creativeprojectalmost\risovalka\risovalka\x64\debug\risovalka.tlog\cl.write.1.tlog
c:\git\creativeprojectalmost\risovalka\risovalka\x64\debug\risovalka.tlog\link.command.1.tlog
c:\git\creativeprojectalmost\risovalka\risovalka\x64\debug\risovalka.tlog\link.read.1.tlog
c:\git\creativeprojectalmost\risovalka\risovalka\x64\debug\risovalka.tlog\link.secondary.1.tlog
c:\git\creativeprojectalmost\risovalka\risovalka\x64\debug\risovalka.tlog\link.write.1.tlog
c:\git\creativeprojectalmost\risovalka\risovalka\x64\debug\risovalka.tlog\metagen.read.1.tlog
c:\git\creativeprojectalmost\risovalka\risovalka\x64\debug\risovalka.tlog\metagen.write.1.tlog
c:\git\creativeprojectalmost\risovalka\risovalka\x64\debug\risovalka.tlog\resgen.command.1.tlog
c:\git\creativeprojectalmost\risovalka\risovalka\x64\debug\risovalka.tlog\resgen.read.1.tlog
c:\git\creativeprojectalmost\risovalka\risovalka\x64\debug\risovalka.tlog\resgen.write.1.tlog
